<?xml version="1.0" encoding="UTF-8"?>
<!-- Generated by org.testng.reporters.JUnitXMLReporter -->
<testsuite ignored="0" hostname="LAPTOP-16QI022G" failures="0" tests="3" name="Cross Browser Test" time="31.285" errors="0" timestamp="2024-10-17T22:21:26 IST">
  <testcase classname="testCases.GithubRepoTest" name="testCreatePublicRepository" time="4.048"/>
  <testcase classname="testCases.GithubRepoTest" name="testCreatePrivateRepository" time="0.761"/>
  <testcase classname="testCases.TestNavigation" name="testNavigationBetweenFeatures" time="3.943"/>
</testsuite> <!-- Cross Browser Test -->
