<?xml version="1.0" encoding="UTF-8"?>
<!-- Generated by org.testng.reporters.JUnitXMLReporter -->
<testsuite ignored="0" hostname="LAPTOP-16QI022G" failures="0" tests="3" name="GithubUI_Test" time="12.86" errors="0" timestamp="2024-10-17T17:27:53 IST">
  <testcase classname="testCases.GithubRepoTest" name="testCreatePublicRepository" time="2.532"/>
  <testcase classname="testCases.TestNavigation" name="testNavigationBetweenFeatures" time="2.461"/>
  <testcase classname="testCases.GithubRepoTest" name="testCreatePrivateRepository" time="0.504"/>
</testsuite> <!-- GithubUI_Test -->
