<?xml version="1.0" encoding="UTF-8"?>
<!-- Generated by org.testng.reporters.JUnitXMLReporter -->
<testsuite ignored="0" hostname="LAPTOP-16QI022G" failures="0" tests="3" name="ParallelTest" time="13.034" errors="0" timestamp="2024-10-17T22:42:26 IST">
  <testcase classname="testCases.TestNavigation" name="testNavigationBetweenFeatures" time="2.072"/>
  <testcase classname="testCases.GithubRepoTest" name="testCreatePublicRepository" time="1.345"/>
  <testcase classname="testCases.GithubRepoTest" name="testCreatePrivateRepository" time="0.46"/>
</testsuite> <!-- ParallelTest -->
