<?xml version="1.0" encoding="UTF-8"?>
<!-- Generated by org.testng.reporters.JUnitXMLReporter -->
<testsuite ignored="0" hostname="LAPTOP-16QI022G" failures="0" tests="2" name="Repository Creation Test" time="7.334" errors="0" timestamp="2024-10-17T14:49:41 IST">
  <testcase classname="testCases.GithubRepoTest" name="testCreatePublicRepository" time="1.592"/>
  <testcase classname="testCases.GithubRepoTest" name="testCreatePrivateRepository" time="0.562"/>
</testsuite> <!-- Repository Creation Test -->
