<?xml version="1.0" encoding="UTF-8"?>
<testng-results ignored="0" total="3" passed="3" failed="0" skipped="0">
  <reporter-output>
  </reporter-output>
  <suite started-at="2024-10-17T17:27:40 IST" name="GitHub Repository Tests" finished-at="2024-10-17T17:27:53 IST" duration-ms="12860">
    <groups>
    </groups>
    <test started-at="2024-10-17T17:27:40 IST" name="GithubUI_Test" finished-at="2024-10-17T17:27:53 IST" duration-ms="12860">
      <class name="testCases.TestNavigation">
        <test-method is-config="true" signature="setUp()[pri:0, instance:testCases.TestNavigation@10650953]" started-at="2024-10-17T17:27:40 IST" name="setUp" finished-at="2024-10-17T17:27:50 IST" duration-ms="9891" status="PASS">
          <reporter-output>
          </reporter-output>
        </test-method> <!-- setUp -->
        <test-method signature="testNavigationBetweenFeatures()[pri:0, instance:testCases.TestNavigation@10650953]" started-at="2024-10-17T17:27:50 IST" name="testNavigationBetweenFeatures" finished-at="2024-10-17T17:27:52 IST" duration-ms="2461" status="PASS">
          <reporter-output>
          </reporter-output>
        </test-method> <!-- testNavigationBetweenFeatures -->
        <test-method is-config="true" signature="tearDown()[pri:0, instance:testCases.TestNavigation@10650953]" started-at="2024-10-17T17:27:52 IST" name="tearDown" finished-at="2024-10-17T17:27:52 IST" duration-ms="219" status="PASS">
          <reporter-output>
          </reporter-output>
        </test-method> <!-- tearDown -->
      </class> <!-- testCases.TestNavigation -->
      <class name="testCases.GithubRepoTest">
        <test-method is-config="true" signature="setUp()[pri:0, instance:testCases.GithubRepoTest@1991f767]" started-at="2024-10-17T17:27:40 IST" name="setUp" finished-at="2024-10-17T17:27:49 IST" duration-ms="9527" status="PASS">
          <reporter-output>
          </reporter-output>
        </test-method> <!-- setUp -->
        <test-method signature="testCreatePublicRepository()[pri:0, instance:testCases.GithubRepoTest@1991f767]" started-at="2024-10-17T17:27:49 IST" name="testCreatePublicRepository" finished-at="2024-10-17T17:27:52 IST" duration-ms="2532" status="PASS">
          <reporter-output>
          </reporter-output>
        </test-method> <!-- testCreatePublicRepository -->
        <test-method signature="testCreatePrivateRepository()[pri:1, instance:testCases.GithubRepoTest@1991f767]" started-at="2024-10-17T17:27:52 IST" name="testCreatePrivateRepository" finished-at="2024-10-17T17:27:52 IST" duration-ms="504" status="PASS">
          <reporter-output>
          </reporter-output>
        </test-method> <!-- testCreatePrivateRepository -->
        <test-method is-config="true" signature="tearDown()[pri:0, instance:testCases.GithubRepoTest@1991f767]" started-at="2024-10-17T17:27:52 IST" name="tearDown" finished-at="2024-10-17T17:27:53 IST" duration-ms="217" status="PASS">
          <reporter-output>
          </reporter-output>
        </test-method> <!-- tearDown -->
      </class> <!-- testCases.GithubRepoTest -->
    </test> <!-- GithubUI_Test -->
  </suite> <!-- GitHub Repository Tests -->
</testng-results>
