<?xml version="1.0" encoding="UTF-8"?>
<testng-results ignored="0" total="3" passed="3" failed="0" skipped="0">
  <reporter-output>
  </reporter-output>
  <suite started-at="2024-10-17T22:42:13 IST" name="GitHub Repository Tests" finished-at="2024-10-17T22:42:26 IST" duration-ms="13034">
    <groups>
    </groups>
    <test started-at="2024-10-17T22:42:13 IST" name="ParallelTest" finished-at="2024-10-17T22:42:26 IST" duration-ms="13034">
      <class name="testCases.TestNavigation">
        <test-method is-config="true" signature="setUp(java.lang.String)[pri:0, instance:testCases.TestNavigation@7db82169]" started-at="2024-10-17T22:42:13 IST" name="setUp" finished-at="2024-10-17T22:42:22 IST" duration-ms="8947" status="PASS">
          <params>
            <param index="0">
              <value>
                <![CDATA[chrome]]>
              </value>
            </param>
          </params>
          <reporter-output>
          </reporter-output>
        </test-method> <!-- setUp -->
        <test-method signature="testNavigationBetweenFeatures()[pri:0, instance:testCases.TestNavigation@7db82169]" started-at="2024-10-17T22:42:22 IST" name="testNavigationBetweenFeatures" finished-at="2024-10-17T22:42:24 IST" duration-ms="2072" status="PASS">
          <reporter-output>
          </reporter-output>
        </test-method> <!-- testNavigationBetweenFeatures -->
        <test-method is-config="true" signature="tearDown()[pri:0, instance:testCases.TestNavigation@7db82169]" started-at="2024-10-17T22:42:24 IST" name="tearDown" finished-at="2024-10-17T22:42:24 IST" duration-ms="238" status="PASS">
          <reporter-output>
          </reporter-output>
        </test-method> <!-- tearDown -->
      </class> <!-- testCases.TestNavigation -->
      <class name="testCases.GithubRepoTest">
        <test-method is-config="true" signature="setUp(java.lang.String)[pri:0, instance:testCases.GithubRepoTest@1c9f0a20]" started-at="2024-10-17T22:42:13 IST" name="setUp" finished-at="2024-10-17T22:42:24 IST" duration-ms="10920" status="PASS">
          <params>
            <param index="0">
              <value>
                <![CDATA[chrome]]>
              </value>
            </param>
          </params>
          <reporter-output>
          </reporter-output>
        </test-method> <!-- setUp -->
        <test-method signature="testCreatePublicRepository()[pri:0, instance:testCases.GithubRepoTest@1c9f0a20]" started-at="2024-10-17T22:42:24 IST" name="testCreatePublicRepository" finished-at="2024-10-17T22:42:25 IST" duration-ms="1345" status="PASS">
          <reporter-output>
          </reporter-output>
        </test-method> <!-- testCreatePublicRepository -->
        <test-method signature="testCreatePrivateRepository()[pri:1, instance:testCases.GithubRepoTest@1c9f0a20]" started-at="2024-10-17T22:42:25 IST" name="testCreatePrivateRepository" finished-at="2024-10-17T22:42:26 IST" duration-ms="460" status="PASS">
          <reporter-output>
          </reporter-output>
        </test-method> <!-- testCreatePrivateRepository -->
        <test-method is-config="true" signature="tearDown()[pri:0, instance:testCases.GithubRepoTest@1c9f0a20]" started-at="2024-10-17T22:42:26 IST" name="tearDown" finished-at="2024-10-17T22:42:26 IST" duration-ms="262" status="PASS">
          <reporter-output>
          </reporter-output>
        </test-method> <!-- tearDown -->
      </class> <!-- testCases.GithubRepoTest -->
    </test> <!-- ParallelTest -->
  </suite> <!-- GitHub Repository Tests -->
</testng-results>
